[2025-03-27 18:24:49] resolving dependencies...
[2025-03-27 18:24:49] looking for conflicting packages...
[2025-03-27 18:24:49] 
[2025-03-27 18:24:49] Package (1)      Old Version  New Version  Net Change
[2025-03-27 18:24:49] 
[2025-03-27 18:24:49] extra/reflector  2023-3       2023-3         0.00 MiB
[2025-03-27 18:24:49] 
[2025-03-27 18:24:49] Total Installed Size:  0.15 MiB
[2025-03-27 18:24:49] Net Upgrade Size:      0.00 MiB
[2025-03-27 18:24:49] 
[2025-03-27 18:24:49] :: Proceed with installation? [Y/n]
[2025-03-27 18:24:49] checking keyring...
[2025-03-27 18:24:49] checking package integrity...
[2025-03-27 18:24:49] loading package files...
[2025-03-27 18:24:49] checking for file conflicts...
[2025-03-27 18:24:49] :: Processing package changes...
[2025-03-27 18:24:49] reinstalling reflector...
[2025-03-27 18:24:50] :: Running post-transaction hooks...
[2025-03-27 18:24:50] (1/4) Reloading system manager configuration...
[2025-03-27 18:24:50] (2/4) Restarting marked services...
[2025-03-27 18:24:50] (3/4) Arming ConditionNeedsUpdate...
[2025-03-27 18:24:50] (4/4) Checking which packages need to be rebuilt
